Command line:
   RightShifter_isim_beh.exe
     -simmode  gui
     -simrunnum  0
     -socket  50554

Sat Jun 02 11:33:31 2018


 Elaboration Time: 0.03125 sec

 Current Memory Usage: 880.46 Meg

 Total Signals          : 3
 Total Nets             : 69
 Total Signal Drivers   : 1
 Total Blocks           : 2
 Total Primitive Blocks : 2
 Total Processes        : 1
 Total Traceable Variables  : 10
 Total Scalar Nets and Variables : 431
Total Line Count : 1

 Total Simulation Time: 0.265625 sec

 Current Memory Usage: 880.46 Meg

Sat Jun 02 11:33:51 2018

